2020/03/03 18:39:45 [INFO] Packer version: 1.4.3
2020/03/03 18:39:45 Packer Target OS/Arch: linux amd64
2020/03/03 18:39:45 Built with Go Version: go1.12.8
2020/03/03 18:39:45 Detected home directory from env var: /home/clundquist
2020/03/03 18:39:45 Using internal plugin for lxd
2020/03/03 18:39:45 Using internal plugin for null
2020/03/03 18:39:45 Using internal plugin for virtualbox-iso
2020/03/03 18:39:45 Using internal plugin for virtualbox-ovf
2020/03/03 18:39:45 Using internal plugin for vmware-iso
2020/03/03 18:39:45 Using internal plugin for amazon-ebssurrogate
2020/03/03 18:39:45 Using internal plugin for digitalocean
2020/03/03 18:39:45 Using internal plugin for parallels-pvm
2020/03/03 18:39:45 Using internal plugin for yandex
2020/03/03 18:39:45 Using internal plugin for file
2020/03/03 18:39:45 Using internal plugin for hcloud
2020/03/03 18:39:45 Using internal plugin for hyperv-iso
2020/03/03 18:39:45 Using internal plugin for linode
2020/03/03 18:39:45 Using internal plugin for osc-bsuvolume
2020/03/03 18:39:45 Using internal plugin for parallels-iso
2020/03/03 18:39:45 Using internal plugin for ucloud-uhost
2020/03/03 18:39:45 Using internal plugin for alicloud-ecs
2020/03/03 18:39:45 Using internal plugin for osc-chroot
2020/03/03 18:39:45 Using internal plugin for profitbricks
2020/03/03 18:39:45 Using internal plugin for qemu
2020/03/03 18:39:45 Using internal plugin for virtualbox-vm
2020/03/03 18:39:45 Using internal plugin for vmware-vmx
2020/03/03 18:39:45 Using internal plugin for amazon-ebsvolume
2020/03/03 18:39:45 Using internal plugin for docker
2020/03/03 18:39:45 Using internal plugin for ncloud
2020/03/03 18:39:45 Using internal plugin for proxmox
2020/03/03 18:39:45 Using internal plugin for oracle-oci
2020/03/03 18:39:45 Using internal plugin for amazon-chroot
2020/03/03 18:39:45 Using internal plugin for amazon-ebs
2020/03/03 18:39:45 Using internal plugin for googlecompute
2020/03/03 18:39:45 Using internal plugin for hyperv-vmcx
2020/03/03 18:39:45 Using internal plugin for oneandone
2020/03/03 18:39:45 Using internal plugin for openstack
2020/03/03 18:39:45 Using internal plugin for oracle-classic
2020/03/03 18:39:45 Using internal plugin for osc-bsusurrogate
2020/03/03 18:39:45 Using internal plugin for scaleway
2020/03/03 18:39:45 Using internal plugin for triton
2020/03/03 18:39:45 Using internal plugin for vagrant
2020/03/03 18:39:45 Using internal plugin for jdcloud
2020/03/03 18:39:45 Using internal plugin for lxc
2020/03/03 18:39:45 Using internal plugin for osc-bsu
2020/03/03 18:39:45 Using internal plugin for tencentcloud-cvm
2020/03/03 18:39:45 Using internal plugin for amazon-instance
2020/03/03 18:39:45 Using internal plugin for azure-arm
2020/03/03 18:39:45 Using internal plugin for cloudstack
2020/03/03 18:39:45 Using internal plugin for hyperone
2020/03/03 18:39:45 Using internal plugin for ansible
2020/03/03 18:39:45 Using internal plugin for breakpoint
2020/03/03 18:39:45 Using internal plugin for windows-shell
2020/03/03 18:39:45 Using internal plugin for powershell
2020/03/03 18:39:45 Using internal plugin for windows-restart
2020/03/03 18:39:45 Using internal plugin for chef-solo
2020/03/03 18:39:45 Using internal plugin for converge
2020/03/03 18:39:45 Using internal plugin for file
2020/03/03 18:39:45 Using internal plugin for inspec
2020/03/03 18:39:45 Using internal plugin for chef-client
2020/03/03 18:39:45 Using internal plugin for shell
2020/03/03 18:39:45 Using internal plugin for shell-local
2020/03/03 18:39:45 Using internal plugin for sleep
2020/03/03 18:39:45 Using internal plugin for ansible-local
2020/03/03 18:39:45 Using internal plugin for puppet-masterless
2020/03/03 18:39:45 Using internal plugin for puppet-server
2020/03/03 18:39:45 Using internal plugin for salt-masterless
2020/03/03 18:39:45 Using internal plugin for docker-import
2020/03/03 18:39:45 Using internal plugin for docker-push
2020/03/03 18:39:45 Using internal plugin for googlecompute-export
2020/03/03 18:39:45 Using internal plugin for vagrant
2020/03/03 18:39:45 Using internal plugin for checksum
2020/03/03 18:39:45 Using internal plugin for exoscale-import
2020/03/03 18:39:45 Using internal plugin for vagrant-cloud
2020/03/03 18:39:45 Using internal plugin for vsphere-template
2020/03/03 18:39:45 Using internal plugin for compress
2020/03/03 18:39:45 Using internal plugin for artifice
2020/03/03 18:39:45 Using internal plugin for digitalocean-import
2020/03/03 18:39:45 Using internal plugin for docker-tag
2020/03/03 18:39:45 Using internal plugin for googlecompute-import
2020/03/03 18:39:45 Using internal plugin for amazon-import
2020/03/03 18:39:45 Using internal plugin for docker-save
2020/03/03 18:39:45 Using internal plugin for manifest
2020/03/03 18:39:45 Using internal plugin for shell-local
2020/03/03 18:39:45 Using internal plugin for vsphere
2020/03/03 18:39:45 Using internal plugin for alicloud-import
2020/03/03 18:39:45 Detected home directory from env var: /home/clundquist
2020/03/03 18:39:45 Attempting to open config file: /home/clundquist/.packerconfig
2020/03/03 18:39:45 [WARN] Config file doesn't exist: /home/clundquist/.packerconfig
2020/03/03 18:39:45 Packer config: &{DisableCheckpoint:false DisableCheckpointSignature:false PluginMinPort:10000 PluginMaxPort:25000 Builders:map[alicloud-ecs:/usr/local/bin/packer-PACKERSPACE-plugin-PACKERSPACE-packer-builder-alicloud-ecs amazon-chroot:/usr/local/bin/packer-PACKERSPACE-plugin-PACKERSPACE-packer-builder-amazon-chroot amazon-ebs:/usr/local/bin/packer-PACKERSPACE-plugin-PACKERSPACE-packer-builder-amazon-ebs amazon-ebssurrogate:/usr/local/bin/packer-PACKERSPACE-plugin-PACKERSPACE-packer-builder-amazon-ebssurrogate amazon-ebsvolume:/usr/local/bin/packer-PACKERSPACE-plugin-PACKERSPACE-packer-builder-amazon-ebsvolume amazon-instance:/usr/local/bin/packer-PACKERSPACE-plugin-PACKERSPACE-packer-builder-amazon-instance azure-arm:/usr/local/bin/packer-PACKERSPACE-plugin-PACKERSPACE-packer-builder-azure-arm cloudstack:/usr/local/bin/packer-PACKERSPACE-plugin-PACKERSPACE-packer-builder-cloudstack digitalocean:/usr/local/bin/packer-PACKERSPACE-plugin-PACKERSPACE-packer-builder-digitalocean docker:/usr/local/bin/packer-PACKERSPACE-plugin-PACKERSPACE-packer-builder-docker file:/usr/local/bin/packer-PACKERSPACE-plugin-PACKERSPACE-packer-builder-file googlecompute:/usr/local/bin/packer-PACKERSPACE-plugin-PACKERSPACE-packer-builder-googlecompute hcloud:/usr/local/bin/packer-PACKERSPACE-plugin-PACKERSPACE-packer-builder-hcloud hyperone:/usr/local/bin/packer-PACKERSPACE-plugin-PACKERSPACE-packer-builder-hyperone hyperv-iso:/usr/local/bin/packer-PACKERSPACE-plugin-PACKERSPACE-packer-builder-hyperv-iso hyperv-vmcx:/usr/local/bin/packer-PACKERSPACE-plugin-PACKERSPACE-packer-builder-hyperv-vmcx jdcloud:/usr/local/bin/packer-PACKERSPACE-plugin-PACKERSPACE-packer-builder-jdcloud linode:/usr/local/bin/packer-PACKERSPACE-plugin-PACKERSPACE-packer-builder-linode lxc:/usr/local/bin/packer-PACKERSPACE-plugin-PACKERSPACE-packer-builder-lxc lxd:/usr/local/bin/packer-PACKERSPACE-plugin-PACKERSPACE-packer-builder-lxd ncloud:/usr/local/bin/packer-PACKERSPACE-plugin-PACKERSPACE-packer-builder-ncloud null:/usr/local/bin/packer-PACKERSPACE-plugin-PACKERSPACE-packer-builder-null oneandone:/usr/local/bin/packer-PACKERSPACE-plugin-PACKERSPACE-packer-builder-oneandone openstack:/usr/local/bin/packer-PACKERSPACE-plugin-PACKERSPACE-packer-builder-openstack oracle-classic:/usr/local/bin/packer-PACKERSPACE-plugin-PACKERSPACE-packer-builder-oracle-classic oracle-oci:/usr/local/bin/packer-PACKERSPACE-plugin-PACKERSPACE-packer-builder-oracle-oci osc-bsu:/usr/local/bin/packer-PACKERSPACE-plugin-PACKERSPACE-packer-builder-osc-bsu osc-bsusurrogate:/usr/local/bin/packer-PACKERSPACE-plugin-PACKERSPACE-packer-builder-osc-bsusurrogate osc-bsuvolume:/usr/local/bin/packer-PACKERSPACE-plugin-PACKERSPACE-packer-builder-osc-bsuvolume osc-chroot:/usr/local/bin/packer-PACKERSPACE-plugin-PACKERSPACE-packer-builder-osc-chroot parallels-iso:/usr/local/bin/packer-PACKERSPACE-plugin-PACKERSPACE-packer-builder-parallels-iso parallels-pvm:/usr/local/bin/packer-PACKERSPACE-plugin-PACKERSPACE-packer-builder-parallels-pvm profitbricks:/usr/local/bin/packer-PACKERSPACE-plugin-PACKERSPACE-packer-builder-profitbricks proxmox:/usr/local/bin/packer-PACKERSPACE-plugin-PACKERSPACE-packer-builder-proxmox qemu:/usr/local/bin/packer-PACKERSPACE-plugin-PACKERSPACE-packer-builder-qemu scaleway:/usr/local/bin/packer-PACKERSPACE-plugin-PACKERSPACE-packer-builder-scaleway tencentcloud-cvm:/usr/local/bin/packer-PACKERSPACE-plugin-PACKERSPACE-packer-builder-tencentcloud-cvm triton:/usr/local/bin/packer-PACKERSPACE-plugin-PACKERSPACE-packer-builder-triton ucloud-uhost:/usr/local/bin/packer-PACKERSPACE-plugin-PACKERSPACE-packer-builder-ucloud-uhost vagrant:/usr/local/bin/packer-PACKERSPACE-plugin-PACKERSPACE-packer-builder-vagrant virtualbox-iso:/usr/local/bin/packer-PACKERSPACE-plugin-PACKERSPACE-packer-builder-virtualbox-iso virtualbox-ovf:/usr/local/bin/packer-PACKERSPACE-plugin-PACKERSPACE-packer-builder-virtualbox-ovf virtualbox-vm:/usr/local/bin/packer-PACKERSPACE-plugin-PACKERSPACE-packer-builder-virtualbox-vm vmware-iso:/usr/local/bin/packer-PACKERSPACE-plugin-PACKERSPACE-packer-builder-vmware-iso vmware-vmx:/usr/local/bin/packer-PACKERSPACE-plugin-PACKERSPACE-packer-builder-vmware-vmx yandex:/usr/local/bin/packer-PACKERSPACE-plugin-PACKERSPACE-packer-builder-yandex] PostProcessors:map[alicloud-import:/usr/local/bin/packer-PACKERSPACE-plugin-PACKERSPACE-packer-post-processor-alicloud-import amazon-import:/usr/local/bin/packer-PACKERSPACE-plugin-PACKERSPACE-packer-post-processor-amazon-import artifice:/usr/local/bin/packer-PACKERSPACE-plugin-PACKERSPACE-packer-post-processor-artifice checksum:/usr/local/bin/packer-PACKERSPACE-plugin-PACKERSPACE-packer-post-processor-checksum compress:/usr/local/bin/packer-PACKERSPACE-plugin-PACKERSPACE-packer-post-processor-compress digitalocean-import:/usr/local/bin/packer-PACKERSPACE-plugin-PACKERSPACE-packer-post-processor-digitalocean-import docker-import:/usr/local/bin/packer-PACKERSPACE-plugin-PACKERSPACE-packer-post-processor-docker-import docker-push:/usr/local/bin/packer-PACKERSPACE-plugin-PACKERSPACE-packer-post-processor-docker-push docker-save:/usr/local/bin/packer-PACKERSPACE-plugin-PACKERSPACE-packer-post-processor-docker-save docker-tag:/usr/local/bin/packer-PACKERSPACE-plugin-PACKERSPACE-packer-post-processor-docker-tag exoscale-import:/usr/local/bin/packer-PACKERSPACE-plugin-PACKERSPACE-packer-post-processor-exoscale-import googlecompute-export:/usr/local/bin/packer-PACKERSPACE-plugin-PACKERSPACE-packer-post-processor-googlecompute-export googlecompute-import:/usr/local/bin/packer-PACKERSPACE-plugin-PACKERSPACE-packer-post-processor-googlecompute-import manifest:/usr/local/bin/packer-PACKERSPACE-plugin-PACKERSPACE-packer-post-processor-manifest shell-local:/usr/local/bin/packer-PACKERSPACE-plugin-PACKERSPACE-packer-post-processor-shell-local vagrant:/usr/local/bin/packer-PACKERSPACE-plugin-PACKERSPACE-packer-post-processor-vagrant vagrant-cloud:/usr/local/bin/packer-PACKERSPACE-plugin-PACKERSPACE-packer-post-processor-vagrant-cloud vsphere:/usr/local/bin/packer-PACKERSPACE-plugin-PACKERSPACE-packer-post-processor-vsphere vsphere-template:/usr/local/bin/packer-PACKERSPACE-plugin-PACKERSPACE-packer-post-processor-vsphere-template] Provisioners:map[ansible:/usr/local/bin/packer-PACKERSPACE-plugin-PACKERSPACE-packer-provisioner-ansible ansible-local:/usr/local/bin/packer-PACKERSPACE-plugin-PACKERSPACE-packer-provisioner-ansible-local breakpoint:/usr/local/bin/packer-PACKERSPACE-plugin-PACKERSPACE-packer-provisioner-breakpoint chef-client:/usr/local/bin/packer-PACKERSPACE-plugin-PACKERSPACE-packer-provisioner-chef-client chef-solo:/usr/local/bin/packer-PACKERSPACE-plugin-PACKERSPACE-packer-provisioner-chef-solo converge:/usr/local/bin/packer-PACKERSPACE-plugin-PACKERSPACE-packer-provisioner-converge file:/usr/local/bin/packer-PACKERSPACE-plugin-PACKERSPACE-packer-provisioner-file inspec:/usr/local/bin/packer-PACKERSPACE-plugin-PACKERSPACE-packer-provisioner-inspec powershell:/usr/local/bin/packer-PACKERSPACE-plugin-PACKERSPACE-packer-provisioner-powershell puppet-masterless:/usr/local/bin/packer-PACKERSPACE-plugin-PACKERSPACE-packer-provisioner-puppet-masterless puppet-server:/usr/local/bin/packer-PACKERSPACE-plugin-PACKERSPACE-packer-provisioner-puppet-server salt-masterless:/usr/local/bin/packer-PACKERSPACE-plugin-PACKERSPACE-packer-provisioner-salt-masterless shell:/usr/local/bin/packer-PACKERSPACE-plugin-PACKERSPACE-packer-provisioner-shell shell-local:/usr/local/bin/packer-PACKERSPACE-plugin-PACKERSPACE-packer-provisioner-shell-local sleep:/usr/local/bin/packer-PACKERSPACE-plugin-PACKERSPACE-packer-provisioner-sleep windows-restart:/usr/local/bin/packer-PACKERSPACE-plugin-PACKERSPACE-packer-provisioner-windows-restart windows-shell:/usr/local/bin/packer-PACKERSPACE-plugin-PACKERSPACE-packer-provisioner-windows-shell]}
2020/03/03 18:39:45 Detected home directory from env var: /home/clundquist
2020/03/03 18:39:45 Setting cache directory: /home/clundquist/infra/packer/packer_cache
2020/03/03 18:39:45 Detected home directory from env var: /home/clundquist
2020/03/03 18:39:45 Loading builder: lxd
2020/03/03 18:39:45 Plugin could not be found. Checking same directory as executable.
2020/03/03 18:39:45 Current exe path: /usr/local/bin/packer
2020/03/03 18:39:45 Creating plugin client for path: /usr/local/bin/packer
2020/03/03 18:39:45 Starting plugin: /usr/local/bin/packer []string{"/usr/local/bin/packer", "plugin", "packer-builder-lxd"}
2020/03/03 18:39:45 Waiting for RPC address for: /usr/local/bin/packer
2020/03/03 18:39:45 packer: 2020/03/03 18:39:45 [INFO] Packer version: 1.4.3
2020/03/03 18:39:45 packer: 2020/03/03 18:39:45 Packer Target OS/Arch: linux amd64
2020/03/03 18:39:45 packer: 2020/03/03 18:39:45 Built with Go Version: go1.12.8
2020/03/03 18:39:45 packer: 2020/03/03 18:39:45 Detected home directory from env var: /home/clundquist
2020/03/03 18:39:45 packer: 2020/03/03 18:39:45 Attempting to open config file: /home/clundquist/.packerconfig
2020/03/03 18:39:45 packer: 2020/03/03 18:39:45 [WARN] Config file doesn't exist: /home/clundquist/.packerconfig
2020/03/03 18:39:45 packer: 2020/03/03 18:39:45 Packer config: &{DisableCheckpoint:false DisableCheckpointSignature:false PluginMinPort:10000 PluginMaxPort:25000 Builders:map[] PostProcessors:map[] Provisioners:map[]}
2020/03/03 18:39:45 packer: 2020/03/03 18:39:45 Detected home directory from env var: /home/clundquist
2020/03/03 18:39:45 packer: 2020/03/03 18:39:45 Setting cache directory: /home/clundquist/infra/packer/packer_cache
2020/03/03 18:39:45 packer: 2020/03/03 18:39:45 Detected home directory from env var: /home/clundquist
2020/03/03 18:39:45 packer: 2020/03/03 18:39:45 args: []string{"packer-builder-lxd"}
2020/03/03 18:39:45 packer: 2020/03/03 18:39:45 Plugin minimum port: 10000
2020/03/03 18:39:45 packer: 2020/03/03 18:39:45 Plugin maximum port: 25000
2020/03/03 18:39:45 packer: 2020/03/03 18:39:45 Plugin address: unix /tmp/packer-plugin336077639
2020/03/03 18:39:45 packer: 2020/03/03 18:39:45 Waiting for connection...
2020/03/03 18:39:45 packer: 2020/03/03 18:39:45 Serving a plugin connection...
2020/03/03 18:39:45 Loading provisioner: shell
2020/03/03 18:39:45 Plugin could not be found. Checking same directory as executable.
2020/03/03 18:39:45 Current exe path: /usr/local/bin/packer
2020/03/03 18:39:45 Creating plugin client for path: /usr/local/bin/packer
2020/03/03 18:39:45 Starting plugin: /usr/local/bin/packer []string{"/usr/local/bin/packer", "plugin", "packer-provisioner-shell"}
2020/03/03 18:39:45 Waiting for RPC address for: /usr/local/bin/packer
2020/03/03 18:39:45 packer: 2020/03/03 18:39:45 [INFO] Packer version: 1.4.3
2020/03/03 18:39:45 packer: 2020/03/03 18:39:45 Packer Target OS/Arch: linux amd64
2020/03/03 18:39:45 packer: 2020/03/03 18:39:45 Built with Go Version: go1.12.8
2020/03/03 18:39:45 packer: 2020/03/03 18:39:45 Detected home directory from env var: /home/clundquist
2020/03/03 18:39:45 packer: 2020/03/03 18:39:45 Attempting to open config file: /home/clundquist/.packerconfig
2020/03/03 18:39:45 packer: 2020/03/03 18:39:45 [WARN] Config file doesn't exist: /home/clundquist/.packerconfig
2020/03/03 18:39:45 packer: 2020/03/03 18:39:45 Packer config: &{DisableCheckpoint:false DisableCheckpointSignature:false PluginMinPort:10000 PluginMaxPort:25000 Builders:map[] PostProcessors:map[] Provisioners:map[]}
2020/03/03 18:39:45 packer: 2020/03/03 18:39:45 Detected home directory from env var: /home/clundquist
2020/03/03 18:39:45 packer: 2020/03/03 18:39:45 Setting cache directory: /home/clundquist/infra/packer/packer_cache
2020/03/03 18:39:45 packer: 2020/03/03 18:39:45 args: []string{"packer-provisioner-shell"}
2020/03/03 18:39:45 packer: 2020/03/03 18:39:45 Plugin minimum port: 10000
2020/03/03 18:39:45 packer: 2020/03/03 18:39:45 Plugin maximum port: 25000
2020/03/03 18:39:45 packer: 2020/03/03 18:39:45 Detected home directory from env var: /home/clundquist
2020/03/03 18:39:45 packer: 2020/03/03 18:39:45 Plugin address: unix /tmp/packer-plugin150050947
2020/03/03 18:39:45 packer: 2020/03/03 18:39:45 Waiting for connection...
2020/03/03 18:39:45 packer: 2020/03/03 18:39:45 Serving a plugin connection...
2020/03/03 18:39:45 Loading provisioner: file
2020/03/03 18:39:45 Plugin could not be found. Checking same directory as executable.
2020/03/03 18:39:45 Current exe path: /usr/local/bin/packer
2020/03/03 18:39:45 Creating plugin client for path: /usr/local/bin/packer
2020/03/03 18:39:45 Starting plugin: /usr/local/bin/packer []string{"/usr/local/bin/packer", "plugin", "packer-provisioner-file"}
2020/03/03 18:39:45 Waiting for RPC address for: /usr/local/bin/packer
2020/03/03 18:39:45 packer: 2020/03/03 18:39:45 [INFO] Packer version: 1.4.3
2020/03/03 18:39:45 packer: 2020/03/03 18:39:45 Packer Target OS/Arch: linux amd64
2020/03/03 18:39:45 packer: 2020/03/03 18:39:45 Built with Go Version: go1.12.8
2020/03/03 18:39:45 packer: 2020/03/03 18:39:45 Detected home directory from env var: /home/clundquist
2020/03/03 18:39:45 packer: 2020/03/03 18:39:45 Attempting to open config file: /home/clundquist/.packerconfig
2020/03/03 18:39:45 packer: 2020/03/03 18:39:45 [WARN] Config file doesn't exist: /home/clundquist/.packerconfig
2020/03/03 18:39:45 packer: 2020/03/03 18:39:45 Packer config: &{DisableCheckpoint:false DisableCheckpointSignature:false PluginMinPort:10000 PluginMaxPort:25000 Builders:map[] PostProcessors:map[] Provisioners:map[]}
2020/03/03 18:39:45 packer: 2020/03/03 18:39:45 Detected home directory from env var: /home/clundquist
2020/03/03 18:39:45 packer: 2020/03/03 18:39:45 Setting cache directory: /home/clundquist/infra/packer/packer_cache
2020/03/03 18:39:45 packer: 2020/03/03 18:39:45 Detected home directory from env var: /home/clundquist
2020/03/03 18:39:45 packer: 2020/03/03 18:39:45 args: []string{"packer-provisioner-file"}
2020/03/03 18:39:45 packer: 2020/03/03 18:39:45 Plugin minimum port: 10000
2020/03/03 18:39:45 packer: 2020/03/03 18:39:45 Plugin maximum port: 25000
2020/03/03 18:39:45 packer: 2020/03/03 18:39:45 Plugin address: unix /tmp/packer-plugin587761102
2020/03/03 18:39:45 packer: 2020/03/03 18:39:45 Waiting for connection...
2020/03/03 18:39:45 packer: 2020/03/03 18:39:45 Serving a plugin connection...
2020/03/03 18:39:45 Loading provisioner: shell
2020/03/03 18:39:45 Plugin could not be found. Checking same directory as executable.
2020/03/03 18:39:45 Current exe path: /usr/local/bin/packer
2020/03/03 18:39:45 Creating plugin client for path: /usr/local/bin/packer
2020/03/03 18:39:45 Starting plugin: /usr/local/bin/packer []string{"/usr/local/bin/packer", "plugin", "packer-provisioner-shell"}
2020/03/03 18:39:45 Waiting for RPC address for: /usr/local/bin/packer
2020/03/03 18:39:45 packer: 2020/03/03 18:39:45 [INFO] Packer version: 1.4.3
2020/03/03 18:39:45 packer: 2020/03/03 18:39:45 Packer Target OS/Arch: linux amd64
2020/03/03 18:39:45 packer: 2020/03/03 18:39:45 Built with Go Version: go1.12.8
2020/03/03 18:39:45 packer: 2020/03/03 18:39:45 Detected home directory from env var: /home/clundquist
2020/03/03 18:39:45 packer: 2020/03/03 18:39:45 Attempting to open config file: /home/clundquist/.packerconfig
2020/03/03 18:39:45 packer: 2020/03/03 18:39:45 [WARN] Config file doesn't exist: /home/clundquist/.packerconfig
2020/03/03 18:39:45 packer: 2020/03/03 18:39:45 Packer config: &{DisableCheckpoint:false DisableCheckpointSignature:false PluginMinPort:10000 PluginMaxPort:25000 Builders:map[] PostProcessors:map[] Provisioners:map[]}
2020/03/03 18:39:45 packer: 2020/03/03 18:39:45 Detected home directory from env var: /home/clundquist
2020/03/03 18:39:45 packer: 2020/03/03 18:39:45 Setting cache directory: /home/clundquist/infra/packer/packer_cache
2020/03/03 18:39:45 packer: 2020/03/03 18:39:45 Detected home directory from env var: /home/clundquist
2020/03/03 18:39:45 packer: 2020/03/03 18:39:45 args: []string{"packer-provisioner-shell"}
2020/03/03 18:39:45 packer: 2020/03/03 18:39:45 Plugin minimum port: 10000
2020/03/03 18:39:45 packer: 2020/03/03 18:39:45 Plugin maximum port: 25000
2020/03/03 18:39:45 packer: 2020/03/03 18:39:45 Plugin address: unix /tmp/packer-plugin292706953
2020/03/03 18:39:45 packer: 2020/03/03 18:39:45 Waiting for connection...
2020/03/03 18:39:45 packer: 2020/03/03 18:39:45 Serving a plugin connection...
2020/03/03 18:39:45 ui: Debug mode enabled. Builds will not be parallelized.
2020/03/03 18:39:45 ui: [1;32mbionic-base output will be in this color.[0m
2020/03/03 18:39:45 ui: 
2020/03/03 18:39:45 Build debug mode: true
2020/03/03 18:39:45 Force build: false
2020/03/03 18:39:45 On error: 
2020/03/03 18:39:45 Preparing build: bionic-base
2020/03/03 18:39:45 Debug enabled, so waiting for build to finish: bionic-base
2020/03/03 18:39:45 Starting build run: bionic-base
2020/03/03 18:39:45 Running builder: lxd
2020/03/03 18:39:45 [INFO] (telemetry) Starting builder lxd
2020/03/03 18:39:45 ui: [1;32m==> bionic-base: Creating container...[0m
2020/03/03 18:39:45 packer: 2020/03/03 18:39:45 Executing lxc command: []string{"launch", "--ephemeral=false", "--profile=default", "ubuntu-daily:bionic", "packer-bionic-base"}
2020/03/03 18:39:47 ui error: Cancelling build after receiving interrupt
2020/03/03 18:39:47 Cancelling builder after context cancellation context canceled
2020/03/03 18:39:47 packer: 2020/03/03 18:39:47 Received interrupt signal (count: 1). Ignoring.
2020/03/03 18:39:47 packer: 2020/03/03 18:39:47 Received interrupt signal (count: 1). Ignoring.
2020/03/03 18:39:47 packer: 2020/03/03 18:39:47 Received interrupt signal (count: 1). Ignoring.
2020/03/03 18:39:47 packer: 2020/03/03 18:39:47 Received interrupt signal (count: 1). Ignoring.
2020/03/03 18:39:49 packer: 2020/03/03 18:39:49 stdout: Creating packer-bionic-base
2020/03/03 18:39:49 packer: This operation can't be cancelled (interrupt two more times to force)                                                                      Starting packer-bionic-base
2020/03/03 18:39:49 packer: 2020/03/03 18:39:49 stderr:
2020/03/03 18:39:54 packer: 2020/03/03 18:39:54 Sleeping for 5 seconds...
2020/03/03 18:39:54 ui: [1;32m==> bionic-base: Unregistering and deleting deleting container...[0m
2020/03/03 18:39:54 packer: 2020/03/03 18:39:54 Executing lxc command: []string{"delete", "--force", "packer-bionic-base"}
2020/03/03 18:39:55 packer: 2020/03/03 18:39:55 stdout:
2020/03/03 18:39:55 packer: 2020/03/03 18:39:55 stderr:
2020/03/03 18:39:55 packer: panic: interface conversion: interface {} is nil, not string
2020/03/03 18:39:55 packer: 
2020/03/03 18:39:55 packer: goroutine 90 [running]:
2020/03/03 18:39:55 packer: github.com/hashicorp/packer/builder/lxd.(*Builder).Run(0xc00000c2a0, 0x3fadba0, 0xc0003ac880, 0x3fc97a0, 0xc0003aa040, 0x3f46f40, 0xc0001b4010, 0x40b9b9, 0xc000399d10, 0x30, ...)
2020/03/03 18:39:55 packer: 	/Users/mmarsh/Projects/packer/builder/lxd/builder.go:63 +0x59a
2020/03/03 18:39:55 packer: github.com/hashicorp/packer/packer/rpc.(*BuilderServer).Run(0xc00057ba10, 0x1, 0xc0005a63a0, 0x0, 0x0)
2020/03/03 18:39:55 packer: 	/Users/mmarsh/Projects/packer/packer/rpc/builder.go:109 +0x231
2020/03/03 18:39:55 packer: reflect.Value.call(0xc0000a3bc0, 0xc00000e748, 0x13, 0x3998dd5, 0x4, 0xc0000c0f18, 0x3, 0x3, 0xc000360f80, 0x0, ...)
2020/03/03 18:39:55 packer: 	/usr/local/go/src/reflect/value.go:447 +0x461
2020/03/03 18:39:55 packer: reflect.Value.Call(0xc0000a3bc0, 0xc00000e748, 0x13, 0xc00015b718, 0x3, 0x3, 0x0, 0x0, 0x0)
2020/03/03 18:39:55 packer: 	/usr/local/go/src/reflect/value.go:308 +0xa4
2020/03/03 18:39:55 packer: net/rpc.(*service).call(0xc00005e5c0, 0xc0000b65a0, 0xc0003a0078, 0xc0003a0080, 0xc000110480, 0xc000592500, 0x2ecd180, 0xc0005a639c, 0x18a, 0x2e1fce0, ...)
2020/03/03 18:39:55 packer: 	/usr/local/go/src/net/rpc/server.go:384 +0x14e
2020/03/03 18:39:55 packer: created by net/rpc.(*Server).ServeCodec
2020/03/03 18:39:55 packer: 	/usr/local/go/src/net/rpc/server.go:481 +0x42b
2020/03/03 18:39:55 [INFO] (telemetry) ending lxd
2020/03/03 18:39:55 ui error: [1;31mBuild 'bionic-base' errored: unexpected EOF[0m
2020/03/03 18:39:55 /usr/local/bin/packer: plugin process exited
2020/03/03 18:39:55 Waiting on builds to complete...
2020/03/03 18:39:55 ui: Cleanly cancelled builds after being interrupted.
2020/03/03 18:39:55 [INFO] (telemetry) Finalizing.
2020/03/03 18:39:56 waiting for all plugin processes to complete...
2020/03/03 18:39:56 /usr/local/bin/packer: plugin process exited
2020/03/03 18:39:56 /usr/local/bin/packer: plugin process exited
2020/03/03 18:39:56 /usr/local/bin/packer: plugin process exited
